<?xml version="1.0" encoding="UTF-8"?>
<testng-results ignored="0" total="1" passed="1" failed="0" skipped="0">
  <reporter-output>
  </reporter-output>
  <suite started-at="2022-08-30T19:24:16 IST" name="Default suite" finished-at="2022-08-30T19:26:59 IST" duration-ms="162464">
    <groups>
    </groups>
    <test started-at="2022-08-30T19:24:16 IST" name="Default test" finished-at="2022-08-30T19:26:59 IST" duration-ms="162464">
      <class name="TestCases.VerifySiggnUpTestCase">
        <test-method is-config="true" signature="launchBrowser()[pri:0, instance:TestCases.VerifySiggnUpTestCase@43195e57]" started-at="2022-08-30T19:24:16 IST" name="launchBrowser" finished-at="2022-08-30T19:24:23 IST" duration-ms="6430" status="PASS">
          <reporter-output>
          </reporter-output>
        </test-method> <!-- launchBrowser -->
        <test-method signature="SignUp()[pri:0, instance:TestCases.VerifySiggnUpTestCase@43195e57]" started-at="2022-08-30T19:24:23 IST" name="SignUp" finished-at="2022-08-30T19:26:58 IST" duration-ms="155716" status="PASS">
          <reporter-output>
          </reporter-output>
        </test-method> <!-- SignUp -->
        <test-method is-config="true" signature="tearDown()[pri:0, instance:TestCases.VerifySiggnUpTestCase@43195e57]" started-at="2022-08-30T19:26:58 IST" name="tearDown" finished-at="2022-08-30T19:26:59 IST" duration-ms="270" status="PASS">
          <reporter-output>
          </reporter-output>
        </test-method> <!-- tearDown -->
      </class> <!-- TestCases.VerifySiggnUpTestCase -->
    </test> <!-- Default test -->
  </suite> <!-- Default suite -->
</testng-results>
